<?xml version="1.0" encoding="UTF-8"?>
<testsuite xmlns:xsi="http://www.w3.org/2001/XMLSchema-instance" xsi:noNamespaceSchemaLocation="https://maven.apache.org/surefire/maven-surefire-plugin/xsd/surefire-test-report-3.0.xsd" version="3.0" name="com.grupocordillera.kpis.KpisServiceApplicationTests" time="1.58" tests="1" errors="0" skipped="0" failures="0">
  <properties>
[...]
</properties>
  <testcase name="contextLoads" classname="com.grupocordillera.kpis.KpisServiceApplicationTests" time="0.377">
    <system-out><![CDATA[10:54:50.753 [main] INFO org.springframework.test.context.support.AnnotationConfigContextLoaderUtils -- Could not detect default configuration classes for test class [com.grupocordillera.kpis.KpisServiceApplicationTests]: KpisServiceApplicationTests does not declare any static, non-private, non-final, nested classes annotated with @Configuration.
10:54:50.797 [main] INFO org.springframework.boot.test.context.SpringBootTestContextBootstrapper -- Found @SpringBootConfiguration com.grupocordillera.kpis.KpisServiceApplication for test class com.grupocordillera.kpis.KpisServiceApplicationTests

  .   ____          _            __ _ _
 /\\ / ___'_ __ _ _(_)_ __  __ _ \ \ \ \
( ( )\___ | '_ | '_| | '_ \/ _` | \ \ \ \
 \\/  ___)| |_)| | | | | || (_| |  ) ) ) )
  '  |____| .__|_| |_|_| |_\__, | / / / /
 =========|_|==============|___/=/_/_/_/

 :: Spring Boot ::                (v3.3.5)

2026-05-09T10:54:50.959-04:00  INFO 49409 --- [kpis-service] [           main] c.g.kpis.KpisServiceApplicationTests     : Starting KpisServiceApplicationTests using Java 21.0.9 with PID 49409 (started by victorsilvaormeno in /Users/victorsilvaormeno/Documents/FullstackIII/grupo-cordillera/Grupo-cordillera/kpis-service)
2026-05-09T10:54:50.959-04:00  INFO 49409 --- [kpis-service] [           main] c.g.kpis.KpisServiceApplicationTests     : No active profile set, falling back to 1 default profile: "default"
2026-05-09T10:54:51.420-04:00  INFO 49409 --- [kpis-service] [           main] com.zaxxer.hikari.HikariDataSource       : HikariPool-1 - Starting...
2026-05-09T10:54:51.529-04:00  INFO 49409 --- [kpis-service] [           main] com.zaxxer.hikari.pool.HikariPool        : HikariPool-1 - Added connection org.postgresql.jdbc.PgConnection@481558ce
2026-05-09T10:54:51.529-04:00  INFO 49409 --- [kpis-service] [           main] com.zaxxer.hikari.HikariDataSource       : HikariPool-1 - Start completed.
2026-05-09T10:54:51.548-04:00  INFO 49409 --- [kpis-service] [           main] org.flywaydb.core.FlywayExecutor         : Database: jdbc:postgresql://localhost:5434/kpis_db (PostgreSQL 16.13)
2026-05-09T10:54:51.566-04:00  INFO 49409 --- [kpis-service] [           main] o.f.c.i.s.JdbcTableSchemaHistory         : Schema history table "public"."flyway_schema_history" does not exist yet
2026-05-09T10:54:51.568-04:00  INFO 49409 --- [kpis-service] [           main] o.f.core.internal.command.DbValidate     : Successfully validated 2 migrations (execution time 00:00.008s)
2026-05-09T10:54:51.575-04:00  INFO 49409 --- [kpis-service] [           main] o.f.c.i.s.JdbcTableSchemaHistory         : Creating Schema History table "public"."flyway_schema_history" ...
2026-05-09T10:54:51.619-04:00  INFO 49409 --- [kpis-service] [           main] o.f.core.internal.command.DbMigrate      : Current version of schema "public": << Empty Schema >>
2026-05-09T10:54:51.623-04:00  INFO 49409 --- [kpis-service] [           main] o.f.core.internal.command.DbMigrate      : Migrating schema "public" to version "1 - create kpis schema"
2026-05-09T10:54:51.641-04:00  INFO 49409 --- [kpis-service] [           main] o.f.core.internal.command.DbMigrate      : Migrating schema "public" to version "2 - seed kpis data"
2026-05-09T10:54:51.647-04:00  INFO 49409 --- [kpis-service] [           main] o.f.core.internal.command.DbMigrate      : Successfully applied 2 migrations to schema "public", now at version v2 (execution time 00:00.012s)
2026-05-09T10:54:51.862-04:00  INFO 49409 --- [kpis-service] [           main] c.g.kpis.KpisServiceApplicationTests     : Started KpisServiceApplicationTests in 1.009 seconds (process running for 1.426)
]]></system-out>
    <system-err><![CDATA[WARNING: A Java agent has been loaded dynamically (/Users/victorsilvaormeno/.m2/repository/net/bytebuddy/byte-buddy-agent/1.14.19/byte-buddy-agent-1.14.19.jar)
WARNING: If a serviceability tool is in use, please run with -XX:+EnableDynamicAgentLoading to hide this warning
WARNING: If a serviceability tool is not in use, please run with -Djdk.instrument.traceUsage for more information
WARNING: Dynamic loading of agents will be disallowed by default in a future release
]]></system-err>
  </testcase>
</testsuite>